<br />
<font size='1'><table class='xdebug-error xe-warning' dir='ltr' border='1' cellspacing='0' cellpadding='1'>
<tr><th align='left' bgcolor='#f57900' colspan="5"><span style='background-color: #cc0000; color: #fce94f; font-size: x-large;'>( ! )</span> Warning: Undefined variable $filter in C:\xampp\htdocs\SistemaFacturas\php\disponibleC\get_contratos.php on line <i>33</i></th></tr>
<tr><th align='left' bgcolor='#e9b96e' colspan='5'>Call Stack</th></tr>
<tr><th align='center' bgcolor='#eeeeec'>#</th><th align='left' bgcolor='#eeeeec'>Time</th><th align='left' bgcolor='#eeeeec'>Memory</th><th align='left' bgcolor='#eeeeec'>Function</th><th align='left' bgcolor='#eeeeec'>Location</th></tr>
<tr><td bgcolor='#eeeeec' align='center'>1</td><td bgcolor='#eeeeec' align='center'>0.0011</td><td bgcolor='#eeeeec' align='right'>418816</td><td bgcolor='#eeeeec'>{main}(  )</td><td title='C:\xampp\htdocs\SistemaFacturas\php\disponibleC\get_contratos.php' bgcolor='#eeeeec'>...\get_contratos.php<b>:</b>0</td></tr>
</table></font>
<br />
<font size='1'><table class='xdebug-error xe-warning' dir='ltr' border='1' cellspacing='0' cellpadding='1'>
<tr><th align='left' bgcolor='#f57900' colspan="5"><span style='background-color: #cc0000; color: #fce94f; font-size: x-large;'>( ! )</span> Warning: Undefined variable $filter in C:\xampp\htdocs\SistemaFacturas\php\disponibleC\get_contratos.php on line <i>42</i></th></tr>
<tr><th align='left' bgcolor='#e9b96e' colspan='5'>Call Stack</th></tr>
<tr><th align='center' bgcolor='#eeeeec'>#</th><th align='left' bgcolor='#eeeeec'>Time</th><th align='left' bgcolor='#eeeeec'>Memory</th><th align='left' bgcolor='#eeeeec'>Function</th><th align='left' bgcolor='#eeeeec'>Location</th></tr>
<tr><td bgcolor='#eeeeec' align='center'>1</td><td bgcolor='#eeeeec' align='center'>0.0011</td><td bgcolor='#eeeeec' align='right'>418816</td><td bgcolor='#eeeeec'>{main}(  )</td><td title='C:\xampp\htdocs\SistemaFacturas\php\disponibleC\get_contratos.php' bgcolor='#eeeeec'>...\get_contratos.php<b>:</b>0</td></tr>
</table></font>
<br />
<font size='1'><table class='xdebug-error xe-warning' dir='ltr' border='1' cellspacing='0' cellpadding='1'>
<tr><th align='left' bgcolor='#f57900' colspan="5"><span style='background-color: #cc0000; color: #fce94f; font-size: x-large;'>( ! )</span> Warning: Undefined variable $filter in C:\xampp\htdocs\SistemaFacturas\php\disponibleC\get_contratos.php on line <i>33</i></th></tr>
<tr><th align='left' bgcolor='#e9b96e' colspan='5'>Call Stack</th></tr>
<tr><th align='center' bgcolor='#eeeeec'>#</th><th align='left' bgcolor='#eeeeec'>Time</th><th align='left' bgcolor='#eeeeec'>Memory</th><th align='left' bgcolor='#eeeeec'>Function</th><th align='left' bgcolor='#eeeeec'>Location</th></tr>
<tr><td bgcolor='#eeeeec' align='center'>1</td><td bgcolor='#eeeeec' align='center'>0.0085</td><td bgcolor='#eeeeec' align='right'>418816</td><td bgcolor='#eeeeec'>{main}(  )</td><td title='C:\xampp\htdocs\SistemaFacturas\php\disponibleC\get_contratos.php' bgcolor='#eeeeec'>...\get_contratos.php<b>:</b>0</td></tr>
</table></font>
<br />
<font size='1'><table class='xdebug-error xe-warning' dir='ltr' border='1' cellspacing='0' cellpadding='1'>
<tr><th align='left' bgcolor='#f57900' colspan="5"><span style='background-color: #cc0000; color: #fce94f; font-size: x-large;'>( ! )</span> Warning: Undefined variable $filter in C:\xampp\htdocs\SistemaFacturas\php\disponibleC\get_contratos.php on line <i>42</i></th></tr>
<tr><th align='left' bgcolor='#e9b96e' colspan='5'>Call Stack</th></tr>
<tr><th align='center' bgcolor='#eeeeec'>#</th><th align='left' bgcolor='#eeeeec'>Time</th><th align='left' bgcolor='#eeeeec'>Memory</th><th align='left' bgcolor='#eeeeec'>Function</th><th align='left' bgcolor='#eeeeec'>Location</th></tr>
<tr><td bgcolor='#eeeeec' align='center'>1</td><td bgcolor='#eeeeec' align='center'>0.0085</td><td bgcolor='#eeeeec' align='right'>418816</td><td bgcolor='#eeeeec'>{main}(  )</td><td title='C:\xampp\htdocs\SistemaFacturas\php\disponibleC\get_contratos.php' bgcolor='#eeeeec'>...\get_contratos.php<b>:</b>0</td></tr>
</table></font>
<br />
<font size='1'><table class='xdebug-error xe-warning' dir='ltr' border='1' cellspacing='0' cellpadding='1'>
<tr><th align='left' bgcolor='#f57900' colspan="5"><span style='background-color: #cc0000; color: #fce94f; font-size: x-large;'>( ! )</span> Warning: Undefined variable $filter in C:\xampp\htdocs\SistemaFacturas\php\disponibleC\get_contratos.php on line <i>33</i></th></tr>
<tr><th align='left' bgcolor='#e9b96e' colspan='5'>Call Stack</th></tr>
<tr><th align='center' bgcolor='#eeeeec'>#</th><th align='left' bgcolor='#eeeeec'>Time</th><th align='left' bgcolor='#eeeeec'>Memory</th><th align='left' bgcolor='#eeeeec'>Function</th><th align='left' bgcolor='#eeeeec'>Location</th></tr>
<tr><td bgcolor='#eeeeec' align='center'>1</td><td bgcolor='#eeeeec' align='center'>0.0026</td><td bgcolor='#eeeeec' align='right'>418816</td><td bgcolor='#eeeeec'>{main}(  )</td><td title='C:\xampp\htdocs\SistemaFacturas\php\disponibleC\get_contratos.php' bgcolor='#eeeeec'>...\get_contratos.php<b>:</b>0</td></tr>
</table></font>
<br />
<font size='1'><table class='xdebug-error xe-warning' dir='ltr' border='1' cellspacing='0' cellpadding='1'>
<tr><th align='left' bgcolor='#f57900' colspan="5"><span style='background-color: #cc0000; color: #fce94f; font-size: x-large;'>( ! )</span> Warning: Undefined variable $filter in C:\xampp\htdocs\SistemaFacturas\php\disponibleC\get_contratos.php on line <i>42</i></th></tr>
<tr><th align='left' bgcolor='#e9b96e' colspan='5'>Call Stack</th></tr>
<tr><th align='center' bgcolor='#eeeeec'>#</th><th align='left' bgcolor='#eeeeec'>Time</th><th align='left' bgcolor='#eeeeec'>Memory</th><th align='left' bgcolor='#eeeeec'>Function</th><th align='left' bgcolor='#eeeeec'>Location</th></tr>
<tr><td bgcolor='#eeeeec' align='center'>1</td><td bgcolor='#eeeeec' align='center'>0.0026</td><td bgcolor='#eeeeec' align='right'>418816</td><td bgcolor='#eeeeec'>{main}(  )</td><td title='C:\xampp\htdocs\SistemaFacturas\php\disponibleC\get_contratos.php' bgcolor='#eeeeec'>...\get_contratos.php<b>:</b>0</td></tr>
</table></font>
<br />
<font size='1'><table class='xdebug-error xe-warning' dir='ltr' border='1' cellspacing='0' cellpadding='1'>
<tr><th align='left' bgcolor='#f57900' colspan="5"><span style='background-color: #cc0000; color: #fce94f; font-size: x-large;'>( ! )</span> Warning: Undefined variable $filter in C:\xampp\htdocs\SistemaFacturas\php\disponibleC\get_contratos.php on line <i>33</i></th></tr>
<tr><th align='left' bgcolor='#e9b96e' colspan='5'>Call Stack</th></tr>
<tr><th align='center' bgcolor='#eeeeec'>#</th><th align='left' bgcolor='#eeeeec'>Time</th><th align='left' bgcolor='#eeeeec'>Memory</th><th align='left' bgcolor='#eeeeec'>Function</th><th align='left' bgcolor='#eeeeec'>Location</th></tr>
<tr><td bgcolor='#eeeeec' align='center'>1</td><td bgcolor='#eeeeec' align='center'>0.0006</td><td bgcolor='#eeeeec' align='right'>418816</td><td bgcolor='#eeeeec'>{main}(  )</td><td title='C:\xampp\htdocs\SistemaFacturas\php\disponibleC\get_contratos.php' bgcolor='#eeeeec'>...\get_contratos.php<b>:</b>0</td></tr>
</table></font>
<br />
<font size='1'><table class='xdebug-error xe-warning' dir='ltr' border='1' cellspacing='0' cellpadding='1'>
<tr><th align='left' bgcolor='#f57900' colspan="5"><span style='background-color: #cc0000; color: #fce94f; font-size: x-large;'>( ! )</span> Warning: Undefined variable $filter in C:\xampp\htdocs\SistemaFacturas\php\disponibleC\get_contratos.php on line <i>42</i></th></tr>
<tr><th align='left' bgcolor='#e9b96e' colspan='5'>Call Stack</th></tr>
<tr><th align='center' bgcolor='#eeeeec'>#</th><th align='left' bgcolor='#eeeeec'>Time</th><th align='left' bgcolor='#eeeeec'>Memory</th><th align='left' bgcolor='#eeeeec'>Function</th><th align='left' bgcolor='#eeeeec'>Location</th></tr>
<tr><td bgcolor='#eeeeec' align='center'>1</td><td bgcolor='#eeeeec' align='center'>0.0006</td><td bgcolor='#eeeeec' align='right'>418816</td><td bgcolor='#eeeeec'>{main}(  )</td><td title='C:\xampp\htdocs\SistemaFacturas\php\disponibleC\get_contratos.php' bgcolor='#eeeeec'>...\get_contratos.php<b>:</b>0</td></tr>
</table></font>
<br />
<font size='1'><table class='xdebug-error xe-warning' dir='ltr' border='1' cellspacing='0' cellpadding='1'>
<tr><th align='left' bgcolor='#f57900' colspan="5"><span style='background-color: #cc0000; color: #fce94f; font-size: x-large;'>( ! )</span> Warning: Undefined variable $filter in C:\xampp\htdocs\SistemaFacturas\php\disponibleC\get_contratos.php on line <i>33</i></th></tr>
<tr><th align='left' bgcolor='#e9b96e' colspan='5'>Call Stack</th></tr>
<tr><th align='center' bgcolor='#eeeeec'>#</th><th align='left' bgcolor='#eeeeec'>Time</th><th align='left' bgcolor='#eeeeec'>Memory</th><th align='left' bgcolor='#eeeeec'>Function</th><th align='left' bgcolor='#eeeeec'>Location</th></tr>
<tr><td bgcolor='#eeeeec' align='center'>1</td><td bgcolor='#eeeeec' align='center'>0.0115</td><td bgcolor='#eeeeec' align='right'>418816</td><td bgcolor='#eeeeec'>{main}(  )</td><td title='C:\xampp\htdocs\SistemaFacturas\php\disponibleC\get_contratos.php' bgcolor='#eeeeec'>...\get_contratos.php<b>:</b>0</td></tr>
</table></font>
<br />
<font size='1'><table class='xdebug-error xe-warning' dir='ltr' border='1' cellspacing='0' cellpadding='1'>
<tr><th align='left' bgcolor='#f57900' colspan="5"><span style='background-color: #cc0000; color: #fce94f; font-size: x-large;'>( ! )</span> Warning: Undefined variable $filter in C:\xampp\htdocs\SistemaFacturas\php\disponibleC\get_contratos.php on line <i>42</i></th></tr>
<tr><th align='left' bgcolor='#e9b96e' colspan='5'>Call Stack</th></tr>
<tr><th align='center' bgcolor='#eeeeec'>#</th><th align='left' bgcolor='#eeeeec'>Time</th><th align='left' bgcolor='#eeeeec'>Memory</th><th align='left' bgcolor='#eeeeec'>Function</th><th align='left' bgcolor='#eeeeec'>Location</th></tr>
<tr><td bgcolor='#eeeeec' align='center'>1</td><td bgcolor='#eeeeec' align='center'>0.0115</td><td bgcolor='#eeeeec' align='right'>418816</td><td bgcolor='#eeeeec'>{main}(  )</td><td title='C:\xampp\htdocs\SistemaFacturas\php\disponibleC\get_contratos.php' bgcolor='#eeeeec'>...\get_contratos.php<b>:</b>0</td></tr>
</table></font>
<br />
<font size='1'><table class='xdebug-error xe-warning' dir='ltr' border='1' cellspacing='0' cellpadding='1'>
<tr><th align='left' bgcolor='#f57900' colspan="5"><span style='background-color: #cc0000; color: #fce94f; font-size: x-large;'>( ! )</span> Warning: Undefined variable $filter in C:\xampp\htdocs\SistemaFacturas\php\disponibleC\get_contratos.php on line <i>33</i></th></tr>
<tr><th align='left' bgcolor='#e9b96e' colspan='5'>Call Stack</th></tr>
<tr><th align='center' bgcolor='#eeeeec'>#</th><th align='left' bgcolor='#eeeeec'>Time</th><th align='left' bgcolor='#eeeeec'>Memory</th><th align='left' bgcolor='#eeeeec'>Function</th><th align='left' bgcolor='#eeeeec'>Location</th></tr>
<tr><td bgcolor='#eeeeec' align='center'>1</td><td bgcolor='#eeeeec' align='center'>0.0007</td><td bgcolor='#eeeeec' align='right'>418816</td><td bgcolor='#eeeeec'>{main}(  )</td><td title='C:\xampp\htdocs\SistemaFacturas\php\disponibleC\get_contratos.php' bgcolor='#eeeeec'>...\get_contratos.php<b>:</b>0</td></tr>
</table></font>
<br />
<font size='1'><table class='xdebug-error xe-warning' dir='ltr' border='1' cellspacing='0' cellpadding='1'>
<tr><th align='left' bgcolor='#f57900' colspan="5"><span style='background-color: #cc0000; color: #fce94f; font-size: x-large;'>( ! )</span> Warning: Undefined variable $filter in C:\xampp\htdocs\SistemaFacturas\php\disponibleC\get_contratos.php on line <i>42</i></th></tr>
<tr><th align='left' bgcolor='#e9b96e' colspan='5'>Call Stack</th></tr>
<tr><th align='center' bgcolor='#eeeeec'>#</th><th align='left' bgcolor='#eeeeec'>Time</th><th align='left' bgcolor='#eeeeec'>Memory</th><th align='left' bgcolor='#eeeeec'>Function</th><th align='left' bgcolor='#eeeeec'>Location</th></tr>
<tr><td bgcolor='#eeeeec' align='center'>1</td><td bgcolor='#eeeeec' align='center'>0.0007</td><td bgcolor='#eeeeec' align='right'>418816</td><td bgcolor='#eeeeec'>{main}(  )</td><td title='C:\xampp\htdocs\SistemaFacturas\php\disponibleC\get_contratos.php' bgcolor='#eeeeec'>...\get_contratos.php<b>:</b>0</td></tr>
</table></font>
<br />
<font size='1'><table class='xdebug-error xe-warning' dir='ltr' border='1' cellspacing='0' cellpadding='1'>
<tr><th align='left' bgcolor='#f57900' colspan="5"><span style='background-color: #cc0000; color: #fce94f; font-size: x-large;'>( ! )</span> Warning: Undefined variable $filter in C:\xampp\htdocs\SistemaFacturas\php\disponibleC\get_contratos.php on line <i>33</i></th></tr>
<tr><th align='left' bgcolor='#e9b96e' colspan='5'>Call Stack</th></tr>
<tr><th align='center' bgcolor='#eeeeec'>#</th><th align='left' bgcolor='#eeeeec'>Time</th><th align='left' bgcolor='#eeeeec'>Memory</th><th align='left' bgcolor='#eeeeec'>Function</th><th align='left' bgcolor='#eeeeec'>Location</th></tr>
<tr><td bgcolor='#eeeeec' align='center'>1</td><td bgcolor='#eeeeec' align='center'>0.0015</td><td bgcolor='#eeeeec' align='right'>418816</td><td bgcolor='#eeeeec'>{main}(  )</td><td title='C:\xampp\htdocs\SistemaFacturas\php\disponibleC\get_contratos.php' bgcolor='#eeeeec'>...\get_contratos.php<b>:</b>0</td></tr>
</table></font>
<br />
<font size='1'><table class='xdebug-error xe-warning' dir='ltr' border='1' cellspacing='0' cellpadding='1'>
<tr><th align='left' bgcolor='#f57900' colspan="5"><span style='background-color: #cc0000; color: #fce94f; font-size: x-large;'>( ! )</span> Warning: Undefined variable $filter in C:\xampp\htdocs\SistemaFacturas\php\disponibleC\get_contratos.php on line <i>42</i></th></tr>
<tr><th align='left' bgcolor='#e9b96e' colspan='5'>Call Stack</th></tr>
<tr><th align='center' bgcolor='#eeeeec'>#</th><th align='left' bgcolor='#eeeeec'>Time</th><th align='left' bgcolor='#eeeeec'>Memory</th><th align='left' bgcolor='#eeeeec'>Function</th><th align='left' bgcolor='#eeeeec'>Location</th></tr>
<tr><td bgcolor='#eeeeec' align='center'>1</td><td bgcolor='#eeeeec' align='center'>0.0015</td><td bgcolor='#eeeeec' align='right'>418816</td><td bgcolor='#eeeeec'>{main}(  )</td><td title='C:\xampp\htdocs\SistemaFacturas\php\disponibleC\get_contratos.php' bgcolor='#eeeeec'>...\get_contratos.php<b>:</b>0</td></tr>
</table></font>
